14-Jul-2024 15:08:11.672 INFO [main] org.apache.catalina.startup.VersionLoggerListener.log Server version name:   Apache Tomcat/9.0.85
14-Jul-2024 15:08:11.674 INFO [main] org.apache.catalina.startup.VersionLoggerListener.log Server built:          Jan 5 2024 08:28:07 UTC
14-Jul-2024 15:08:11.674 INFO [main] org.apache.catalina.startup.VersionLoggerListener.log Server version number: 9.0.85.0
14-Jul-2024 15:08:11.675 INFO [main] org.apache.catalina.startup.VersionLoggerListener.log OS Name:               Windows 10
14-Jul-2024 15:08:11.675 INFO [main] org.apache.catalina.startup.VersionLoggerListener.log OS Version:            10.0
14-Jul-2024 15:08:11.675 INFO [main] org.apache.catalina.startup.VersionLoggerListener.log Architecture:          amd64
14-Jul-2024 15:08:11.675 INFO [main] org.apache.catalina.startup.VersionLoggerListener.log Java Home:             C:\Program Files\Java\jdk-1.8\jre
14-Jul-2024 15:08:11.675 INFO [main] org.apache.catalina.startup.VersionLoggerListener.log JVM Version:           1.8.0_381-b09
14-Jul-2024 15:08:11.675 INFO [main] org.apache.catalina.startup.VersionLoggerListener.log JVM Vendor:            Oracle Corporation
14-Jul-2024 15:08:11.675 INFO [main] org.apache.catalina.startup.VersionLoggerListener.log CATALINA_BASE:         D:\java\Webapp\tomcat
14-Jul-2024 15:08:11.675 INFO [main] org.apache.catalina.startup.VersionLoggerListener.log CATALINA_HOME:         D:\java\Webapp\tomcat
14-Jul-2024 15:08:11.677 INFO [main] org.apache.catalina.startup.VersionLoggerListener.log Command line argument: -Djava.util.logging.config.file=D:\java\Webapp\tomcat\conf\logging.properties
14-Jul-2024 15:08:11.677 INFO [main] org.apache.catalina.startup.VersionLoggerListener.log Command line argument: -Djava.util.logging.manager=org.apache.juli.ClassLoaderLogManager
14-Jul-2024 15:08:11.677 INFO [main] org.apache.catalina.startup.VersionLoggerListener.log Command line argument: -Dhttp.nonProxyHosts=localhost|127.0.0.1|DESKTOP-R6N6PO7
14-Jul-2024 15:08:11.677 INFO [main] org.apache.catalina.startup.VersionLoggerListener.log Command line argument: -Djdk.tls.ephemeralDHKeySize=2048
14-Jul-2024 15:08:11.677 INFO [main] org.apache.catalina.startup.VersionLoggerListener.log Command line argument: -Djava.protocol.handler.pkgs=org.apache.catalina.webresources
14-Jul-2024 15:08:11.677 INFO [main] org.apache.catalina.startup.VersionLoggerListener.log Command line argument: -Dignore.endorsed.dirs=
14-Jul-2024 15:08:11.677 INFO [main] org.apache.catalina.startup.VersionLoggerListener.log Command line argument: -Dcatalina.base=D:\java\Webapp\tomcat
14-Jul-2024 15:08:11.677 INFO [main] org.apache.catalina.startup.VersionLoggerListener.log Command line argument: -Dcatalina.home=D:\java\Webapp\tomcat
14-Jul-2024 15:08:11.677 INFO [main] org.apache.catalina.startup.VersionLoggerListener.log Command line argument: -Djava.io.tmpdir=D:\java\Webapp\tomcat\temp
14-Jul-2024 15:08:11.735 INFO [main] org.apache.catalina.core.AprLifecycleListener.lifecycleEvent Loaded Apache Tomcat Native library [1.2.39] using APR version [1.7.4].
14-Jul-2024 15:08:11.736 INFO [main] org.apache.catalina.core.AprLifecycleListener.lifecycleEvent APR capabilities: IPv6 [true], sendfile [true], accept filters [false], random [true], UDS [true].
14-Jul-2024 15:08:11.736 INFO [main] org.apache.catalina.core.AprLifecycleListener.lifecycleEvent APR/OpenSSL configuration: useAprConnector [false], useOpenSSL [true]
14-Jul-2024 15:08:11.761 INFO [main] org.apache.catalina.core.AprLifecycleListener.initializeSSL OpenSSL successfully initialized [OpenSSL 3.0.11 19 Sep 2023]
14-Jul-2024 15:08:12.137 INFO [main] org.apache.coyote.AbstractProtocol.init Initializing ProtocolHandler ["http-nio-8080"]
14-Jul-2024 15:08:12.159 INFO [main] org.apache.catalina.startup.Catalina.load Server initialization in [683] milliseconds
14-Jul-2024 15:08:12.214 INFO [main] org.apache.catalina.core.StandardService.startInternal Starting service [Catalina]
14-Jul-2024 15:08:12.214 INFO [main] org.apache.catalina.core.StandardEngine.startInternal Starting Servlet engine: [Apache Tomcat/9.0.85]
14-Jul-2024 15:08:12.223 INFO [main] org.apache.catalina.startup.HostConfig.deployDescriptor Deploying deployment descriptor [D:\java\Webapp\tomcat\conf\Catalina\localhost\assignment6.xml]
14-Jul-2024 15:08:12.243 WARNING [main] org.apache.catalina.startup.HostConfig.deployDescriptor The path attribute with value [/assignment6] in deployment descriptor [D:\java\Webapp\tomcat\conf\Catalina\localhost\assignment6.xml] has been ignored
14-Jul-2024 15:08:12.606 INFO [main] org.apache.catalina.startup.HostConfig.deployDescriptor Deployment of deployment descriptor [D:\java\Webapp\tomcat\conf\Catalina\localhost\assignment6.xml] has finished in [383] ms
14-Jul-2024 15:08:12.607 INFO [main] org.apache.catalina.startup.HostConfig.deployDescriptor Deploying deployment descriptor [D:\java\Webapp\tomcat\conf\Catalina\localhost\BookStore.xml]
14-Jul-2024 15:08:12.608 WARNING [main] org.apache.catalina.startup.HostConfig.deployDescriptor The path attribute with value [/BookStore] in deployment descriptor [D:\java\Webapp\tomcat\conf\Catalina\localhost\BookStore.xml] has been ignored
14-Jul-2024 15:08:12.957 INFO [main] org.apache.jasper.servlet.TldScanner.scanJars At least one JAR was scanned for TLDs yet contained no TLDs. Enable debug logging for this logger for a complete list of JARs that were scanned but no TLDs were found in them. Skipping unneeded JARs during scanning can improve startup time and JSP compilation time.
14-Jul-2024 15:08:12.993 INFO [main] org.apache.catalina.startup.HostConfig.deployDescriptor Deployment of deployment descriptor [D:\java\Webapp\tomcat\conf\Catalina\localhost\BookStore.xml] has finished in [387] ms
14-Jul-2024 15:08:12.993 INFO [main] org.apache.catalina.startup.HostConfig.deployDescriptor Deploying deployment descriptor [D:\java\Webapp\tomcat\conf\Catalina\localhost\BookStoreApplication.xml]
14-Jul-2024 15:08:12.995 WARNING [main] org.apache.catalina.startup.HostConfig.deployDescriptor The path attribute with value [/BookStoreApplication] in deployment descriptor [D:\java\Webapp\tomcat\conf\Catalina\localhost\BookStoreApplication.xml] has been ignored
14-Jul-2024 15:08:13.047 INFO [main] org.apache.catalina.startup.HostConfig.deployDescriptor Deployment of deployment descriptor [D:\java\Webapp\tomcat\conf\Catalina\localhost\BookStoreApplication.xml] has finished in [53] ms
14-Jul-2024 15:08:13.047 INFO [main] org.apache.catalina.startup.HostConfig.deployDescriptor Deploying deployment descriptor [D:\java\Webapp\tomcat\conf\Catalina\localhost\EleventhWebApplication.xml]
14-Jul-2024 15:08:13.049 WARNING [main] org.apache.catalina.startup.HostConfig.deployDescriptor The path attribute with value [/EleventhWebApplication] in deployment descriptor [D:\java\Webapp\tomcat\conf\Catalina\localhost\EleventhWebApplication.xml] has been ignored
14-Jul-2024 15:08:13.104 INFO [main] org.apache.catalina.startup.HostConfig.deployDescriptor Deployment of deployment descriptor [D:\java\Webapp\tomcat\conf\Catalina\localhost\EleventhWebApplication.xml] has finished in [57] ms
14-Jul-2024 15:08:13.105 INFO [main] org.apache.catalina.startup.HostConfig.deployDescriptor Deploying deployment descriptor [D:\java\Webapp\tomcat\conf\Catalina\localhost\MyE-book.xml]
14-Jul-2024 15:08:13.107 WARNING [main] org.apache.catalina.startup.HostConfig.deployDescriptor The path attribute with value [/MyE-book] in deployment descriptor [D:\java\Webapp\tomcat\conf\Catalina\localhost\MyE-book.xml] has been ignored
14-Jul-2024 15:08:13.153 INFO [main] org.apache.catalina.startup.HostConfig.deployDescriptor Deployment of deployment descriptor [D:\java\Webapp\tomcat\conf\Catalina\localhost\MyE-book.xml] has finished in [47] ms
14-Jul-2024 15:08:13.153 INFO [main] org.apache.catalina.startup.HostConfig.deployDescriptor Deploying deployment descriptor [D:\java\Webapp\tomcat\conf\Catalina\localhost\NinthWebApplication.xml]
14-Jul-2024 15:08:13.155 WARNING [main] org.apache.catalina.startup.HostConfig.deployDescriptor The path attribute with value [/NinthWebApplication] in deployment descriptor [D:\java\Webapp\tomcat\conf\Catalina\localhost\NinthWebApplication.xml] has been ignored
14-Jul-2024 15:08:13.875 INFO [main] org.apache.jasper.servlet.TldScanner.scanJars At least one JAR was scanned for TLDs yet contained no TLDs. Enable debug logging for this logger for a complete list of JARs that were scanned but no TLDs were found in them. Skipping unneeded JARs during scanning can improve startup time and JSP compilation time.
14-Jul-2024 15:08:13.882 INFO [main] org.apache.catalina.startup.HostConfig.deployDescriptor Deployment of deployment descriptor [D:\java\Webapp\tomcat\conf\Catalina\localhost\NinthWebApplication.xml] has finished in [729] ms
14-Jul-2024 15:08:13.883 INFO [main] org.apache.catalina.startup.HostConfig.deployDescriptor Deploying deployment descriptor [D:\java\Webapp\tomcat\conf\Catalina\localhost\program17.xml]
14-Jul-2024 15:08:13.884 WARNING [main] org.apache.catalina.startup.HostConfig.deployDescriptor The path attribute with value [/program17] in deployment descriptor [D:\java\Webapp\tomcat\conf\Catalina\localhost\program17.xml] has been ignored
14-Jul-2024 15:08:13.889 SEVERE [main] org.apache.catalina.startup.HostConfig.deployDescriptor Error deploying deployment descriptor [D:\java\Webapp\tomcat\conf\Catalina\localhost\program17.xml]
	java.lang.IllegalStateException: Error starting child
		at org.apache.catalina.core.ContainerBase.addChildInternal(ContainerBase.java:686)
		at org.apache.catalina.core.ContainerBase.addChild(ContainerBase.java:658)
		at org.apache.catalina.core.StandardHost.addChild(StandardHost.java:661)
		at org.apache.catalina.startup.HostConfig.deployDescriptor(HostConfig.java:691)
		at org.apache.catalina.startup.HostConfig$DeployDescriptor.run(HostConfig.java:1897)
		at java.util.concurrent.Executors$RunnableAdapter.call(Executors.java:511)
		at java.util.concurrent.FutureTask.run(FutureTask.java:266)
		at org.apache.tomcat.util.threads.InlineExecutorService.execute(InlineExecutorService.java:75)
		at java.util.concurrent.AbstractExecutorService.submit(AbstractExecutorService.java:112)
		at org.apache.catalina.startup.HostConfig.deployDescriptors(HostConfig.java:584)
		at org.apache.catalina.startup.HostConfig.deployApps(HostConfig.java:474)
		at org.apache.catalina.startup.HostConfig.start(HostConfig.java:1619)
		at org.apache.catalina.startup.HostConfig.lifecycleEvent(HostConfig.java:318)
		at org.apache.catalina.util.LifecycleBase.fireLifecycleEvent(LifecycleBase.java:114)
		at org.apache.catalina.util.LifecycleBase.setStateInternal(LifecycleBase.java:402)
		at org.apache.catalina.util.LifecycleBase.setState(LifecycleBase.java:345)
		at org.apache.catalina.core.ContainerBase.startInternal(ContainerBase.java:893)
		at org.apache.catalina.core.StandardHost.startInternal(StandardHost.java:794)
		at org.apache.catalina.util.LifecycleBase.start(LifecycleBase.java:171)
		at org.apache.catalina.core.ContainerBase$StartChild.call(ContainerBase.java:1332)
		at org.apache.catalina.core.ContainerBase$StartChild.call(ContainerBase.java:1322)
		at java.util.concurrent.FutureTask.run(FutureTask.java:266)
		at org.apache.tomcat.util.threads.InlineExecutorService.execute(InlineExecutorService.java:75)
		at java.util.concurrent.AbstractExecutorService.submit(AbstractExecutorService.java:134)
		at org.apache.catalina.core.ContainerBase.startInternal(ContainerBase.java:866)
		at org.apache.catalina.core.StandardEngine.startInternal(StandardEngine.java:248)
		at org.apache.catalina.util.LifecycleBase.start(LifecycleBase.java:171)
		at org.apache.catalina.core.StandardService.startInternal(StandardService.java:433)
		at org.apache.catalina.util.LifecycleBase.start(LifecycleBase.java:171)
		at org.apache.catalina.core.StandardServer.startInternal(StandardServer.java:921)
		at org.apache.catalina.util.LifecycleBase.start(LifecycleBase.java:171)
		at org.apache.catalina.startup.Catalina.start(Catalina.java:772)
		at sun.reflect.NativeMethodAccessorImpl.invoke0(Native Method)
		at sun.reflect.NativeMethodAccessorImpl.invoke(NativeMethodAccessorImpl.java:62)
		at sun.reflect.DelegatingMethodAccessorImpl.invoke(DelegatingMethodAccessorImpl.java:43)
		at java.lang.reflect.Method.invoke(Method.java:498)
		at org.apache.catalina.startup.Bootstrap.start(Bootstrap.java:347)
		at org.apache.catalina.startup.Bootstrap.main(Bootstrap.java:478)
	Caused by: org.apache.catalina.LifecycleException: Failed to start component [org.apache.catalina.webresources.StandardRoot@d0ec63]
		at org.apache.catalina.util.LifecycleBase.handleSubClassException(LifecycleBase.java:419)
		at org.apache.catalina.util.LifecycleBase.start(LifecycleBase.java:186)
		at org.apache.catalina.core.StandardContext.resourcesStart(StandardContext.java:4575)
		at org.apache.catalina.core.StandardContext.startInternal(StandardContext.java:4708)
		at org.apache.catalina.util.LifecycleBase.start(LifecycleBase.java:171)
		at org.apache.catalina.core.ContainerBase.addChildInternal(ContainerBase.java:683)
		... 37 more
	Caused by: java.lang.IllegalArgumentException: The main resource set specified [D:\java\netbin\program17\build\web] is not a directory or war file, or is not readable (it does not exist or permissions to access it are missing)
		at org.apache.catalina.webresources.StandardRoot.createMainResourceSet(StandardRoot.java:749)
		at org.apache.catalina.webresources.StandardRoot.startInternal(StandardRoot.java:707)
		at org.apache.catalina.util.LifecycleBase.start(LifecycleBase.java:171)
		... 41 more
14-Jul-2024 15:08:13.947 INFO [main] org.apache.catalina.startup.HostConfig.deployDescriptor Deployment of deployment descriptor [D:\java\Webapp\tomcat\conf\Catalina\localhost\program17.xml] has finished in [64] ms
14-Jul-2024 15:08:13.947 INFO [main] org.apache.catalina.startup.HostConfig.deployDescriptor Deploying deployment descriptor [D:\java\Webapp\tomcat\conf\Catalina\localhost\program7.xml]
14-Jul-2024 15:08:13.948 WARNING [main] org.apache.catalina.startup.HostConfig.deployDescriptor The path attribute with value [/program7] in deployment descriptor [D:\java\Webapp\tomcat\conf\Catalina\localhost\program7.xml] has been ignored
14-Jul-2024 15:08:14.513 INFO [main] org.apache.jasper.servlet.TldScanner.scanJars At least one JAR was scanned for TLDs yet contained no TLDs. Enable debug logging for this logger for a complete list of JARs that were scanned but no TLDs were found in them. Skipping unneeded JARs during scanning can improve startup time and JSP compilation time.
14-Jul-2024 15:08:14.522 INFO [main] org.apache.catalina.startup.HostConfig.deployDescriptor Deployment of deployment descriptor [D:\java\Webapp\tomcat\conf\Catalina\localhost\program7.xml] has finished in [575] ms
14-Jul-2024 15:08:14.522 INFO [main] org.apache.catalina.startup.HostConfig.deployDescriptor Deploying deployment descriptor [D:\java\Webapp\tomcat\conf\Catalina\localhost\program8.xml]
14-Jul-2024 15:08:14.524 WARNING [main] org.apache.catalina.startup.HostConfig.deployDescriptor The path attribute with value [/program8] in deployment descriptor [D:\java\Webapp\tomcat\conf\Catalina\localhost\program8.xml] has been ignored
14-Jul-2024 15:08:15.380 INFO [main] org.apache.jasper.servlet.TldScanner.scanJars At least one JAR was scanned for TLDs yet contained no TLDs. Enable debug logging for this logger for a complete list of JARs that were scanned but no TLDs were found in them. Skipping unneeded JARs during scanning can improve startup time and JSP compilation time.
14-Jul-2024 15:08:15.385 INFO [main] org.apache.catalina.startup.HostConfig.deployDescriptor Deployment of deployment descriptor [D:\java\Webapp\tomcat\conf\Catalina\localhost\program8.xml] has finished in [863] ms
14-Jul-2024 15:08:15.385 INFO [main] org.apache.catalina.startup.HostConfig.deployDescriptor Deploying deployment descriptor [D:\java\Webapp\tomcat\conf\Catalina\localhost\Project17.xml]
14-Jul-2024 15:08:15.387 WARNING [main] org.apache.catalina.startup.HostConfig.deployDescriptor The path attribute with value [/Project17] in deployment descriptor [D:\java\Webapp\tomcat\conf\Catalina\localhost\Project17.xml] has been ignored
14-Jul-2024 15:08:15.828 INFO [main] org.apache.jasper.servlet.TldScanner.scanJars At least one JAR was scanned for TLDs yet contained no TLDs. Enable debug logging for this logger for a complete list of JARs that were scanned but no TLDs were found in them. Skipping unneeded JARs during scanning can improve startup time and JSP compilation time.
14-Jul-2024 15:08:15.834 INFO [main] org.apache.catalina.startup.HostConfig.deployDescriptor Deployment of deployment descriptor [D:\java\Webapp\tomcat\conf\Catalina\localhost\Project17.xml] has finished in [449] ms
14-Jul-2024 15:08:15.834 INFO [main] org.apache.catalina.startup.HostConfig.deployDescriptor Deploying deployment descriptor [D:\java\Webapp\tomcat\conf\Catalina\localhost\Project2.xml]
14-Jul-2024 15:08:15.836 WARNING [main] org.apache.catalina.startup.HostConfig.deployDescriptor The path attribute with value [/Project2] in deployment descriptor [D:\java\Webapp\tomcat\conf\Catalina\localhost\Project2.xml] has been ignored
14-Jul-2024 15:08:15.863 INFO [main] org.apache.catalina.startup.HostConfig.deployDescriptor Deployment of deployment descriptor [D:\java\Webapp\tomcat\conf\Catalina\localhost\Project2.xml] has finished in [29] ms
14-Jul-2024 15:08:15.864 INFO [main] org.apache.catalina.startup.HostConfig.deployDescriptor Deploying deployment descriptor [D:\java\Webapp\tomcat\conf\Catalina\localhost\Project3.xml]
14-Jul-2024 15:08:15.865 WARNING [main] org.apache.catalina.startup.HostConfig.deployDescriptor The path attribute with value [/Project3] in deployment descriptor [D:\java\Webapp\tomcat\conf\Catalina\localhost\Project3.xml] has been ignored
14-Jul-2024 15:08:15.979 INFO [main] org.apache.jasper.servlet.TldScanner.scanJars At least one JAR was scanned for TLDs yet contained no TLDs. Enable debug logging for this logger for a complete list of JARs that were scanned but no TLDs were found in them. Skipping unneeded JARs during scanning can improve startup time and JSP compilation time.
14-Jul-2024 15:08:15.980 INFO [main] org.apache.catalina.startup.HostConfig.deployDescriptor Deployment of deployment descriptor [D:\java\Webapp\tomcat\conf\Catalina\localhost\Project3.xml] has finished in [117] ms
14-Jul-2024 15:08:15.981 INFO [main] org.apache.catalina.startup.HostConfig.deployDescriptor Deploying deployment descriptor [D:\java\Webapp\tomcat\conf\Catalina\localhost\Project4.xml]
14-Jul-2024 15:08:15.982 WARNING [main] org.apache.catalina.startup.HostConfig.deployDescriptor The path attribute with value [/Project4] in deployment descriptor [D:\java\Webapp\tomcat\conf\Catalina\localhost\Project4.xml] has been ignored
14-Jul-2024 15:08:16.106 INFO [main] org.apache.jasper.servlet.TldScanner.scanJars At least one JAR was scanned for TLDs yet contained no TLDs. Enable debug logging for this logger for a complete list of JARs that were scanned but no TLDs were found in them. Skipping unneeded JARs during scanning can improve startup time and JSP compilation time.
14-Jul-2024 15:08:16.108 INFO [main] org.apache.catalina.startup.HostConfig.deployDescriptor Deployment of deployment descriptor [D:\java\Webapp\tomcat\conf\Catalina\localhost\Project4.xml] has finished in [128] ms
14-Jul-2024 15:08:16.108 INFO [main] org.apache.catalina.startup.HostConfig.deployDescriptor Deploying deployment descriptor [D:\java\Webapp\tomcat\conf\Catalina\localhost\Project5.xml]
14-Jul-2024 15:08:16.110 WARNING [main] org.apache.catalina.startup.HostConfig.deployDescriptor The path attribute with value [/Project5] in deployment descriptor [D:\java\Webapp\tomcat\conf\Catalina\localhost\Project5.xml] has been ignored
14-Jul-2024 15:08:16.275 INFO [main] org.apache.jasper.servlet.TldScanner.scanJars At least one JAR was scanned for TLDs yet contained no TLDs. Enable debug logging for this logger for a complete list of JARs that were scanned but no TLDs were found in them. Skipping unneeded JARs during scanning can improve startup time and JSP compilation time.
14-Jul-2024 15:08:16.277 INFO [main] org.apache.catalina.startup.HostConfig.deployDescriptor Deployment of deployment descriptor [D:\java\Webapp\tomcat\conf\Catalina\localhost\Project5.xml] has finished in [169] ms
14-Jul-2024 15:08:16.277 INFO [main] org.apache.catalina.startup.HostConfig.deployDescriptor Deploying deployment descriptor [D:\java\Webapp\tomcat\conf\Catalina\localhost\SixthWebApplication.xml]
14-Jul-2024 15:08:16.278 WARNING [main] org.apache.catalina.startup.HostConfig.deployDescriptor The path attribute with value [/SixthWebApplication] in deployment descriptor [D:\java\Webapp\tomcat\conf\Catalina\localhost\SixthWebApplication.xml] has been ignored
14-Jul-2024 15:08:16.283 SEVERE [main] org.apache.catalina.startup.HostConfig.deployDescriptor Error deploying deployment descriptor [D:\java\Webapp\tomcat\conf\Catalina\localhost\SixthWebApplication.xml]
	java.lang.IllegalStateException: Error starting child
		at org.apache.catalina.core.ContainerBase.addChildInternal(ContainerBase.java:686)
		at org.apache.catalina.core.ContainerBase.addChild(ContainerBase.java:658)
		at org.apache.catalina.core.StandardHost.addChild(StandardHost.java:661)
		at org.apache.catalina.startup.HostConfig.deployDescriptor(HostConfig.java:691)
		at org.apache.catalina.startup.HostConfig$DeployDescriptor.run(HostConfig.java:1897)
		at java.util.concurrent.Executors$RunnableAdapter.call(Executors.java:511)
		at java.util.concurrent.FutureTask.run(FutureTask.java:266)
		at org.apache.tomcat.util.threads.InlineExecutorService.execute(InlineExecutorService.java:75)
		at java.util.concurrent.AbstractExecutorService.submit(AbstractExecutorService.java:112)
		at org.apache.catalina.startup.HostConfig.deployDescriptors(HostConfig.java:584)
		at org.apache.catalina.startup.HostConfig.deployApps(HostConfig.java:474)
		at org.apache.catalina.startup.HostConfig.start(HostConfig.java:1619)
		at org.apache.catalina.startup.HostConfig.lifecycleEvent(HostConfig.java:318)
		at org.apache.catalina.util.LifecycleBase.fireLifecycleEvent(LifecycleBase.java:114)
		at org.apache.catalina.util.LifecycleBase.setStateInternal(LifecycleBase.java:402)
		at org.apache.catalina.util.LifecycleBase.setState(LifecycleBase.java:345)
		at org.apache.catalina.core.ContainerBase.startInternal(ContainerBase.java:893)
		at org.apache.catalina.core.StandardHost.startInternal(StandardHost.java:794)
		at org.apache.catalina.util.LifecycleBase.start(LifecycleBase.java:171)
		at org.apache.catalina.core.ContainerBase$StartChild.call(ContainerBase.java:1332)
		at org.apache.catalina.core.ContainerBase$StartChild.call(ContainerBase.java:1322)
		at java.util.concurrent.FutureTask.run(FutureTask.java:266)
		at org.apache.tomcat.util.threads.InlineExecutorService.execute(InlineExecutorService.java:75)
		at java.util.concurrent.AbstractExecutorService.submit(AbstractExecutorService.java:134)
		at org.apache.catalina.core.ContainerBase.startInternal(ContainerBase.java:866)
		at org.apache.catalina.core.StandardEngine.startInternal(StandardEngine.java:248)
		at org.apache.catalina.util.LifecycleBase.start(LifecycleBase.java:171)
		at org.apache.catalina.core.StandardService.startInternal(StandardService.java:433)
		at org.apache.catalina.util.LifecycleBase.start(LifecycleBase.java:171)
		at org.apache.catalina.core.StandardServer.startInternal(StandardServer.java:921)
		at org.apache.catalina.util.LifecycleBase.start(LifecycleBase.java:171)
		at org.apache.catalina.startup.Catalina.start(Catalina.java:772)
		at sun.reflect.NativeMethodAccessorImpl.invoke0(Native Method)
		at sun.reflect.NativeMethodAccessorImpl.invoke(NativeMethodAccessorImpl.java:62)
		at sun.reflect.DelegatingMethodAccessorImpl.invoke(DelegatingMethodAccessorImpl.java:43)
		at java.lang.reflect.Method.invoke(Method.java:498)
		at org.apache.catalina.startup.Bootstrap.start(Bootstrap.java:347)
		at org.apache.catalina.startup.Bootstrap.main(Bootstrap.java:478)
	Caused by: org.apache.catalina.LifecycleException: Failed to start component [org.apache.catalina.webresources.StandardRoot@1b465fa9]
		at org.apache.catalina.util.LifecycleBase.handleSubClassException(LifecycleBase.java:419)
		at org.apache.catalina.util.LifecycleBase.start(LifecycleBase.java:186)
		at org.apache.catalina.core.StandardContext.resourcesStart(StandardContext.java:4575)
		at org.apache.catalina.core.StandardContext.startInternal(StandardContext.java:4708)
		at org.apache.catalina.util.LifecycleBase.start(LifecycleBase.java:171)
		at org.apache.catalina.core.ContainerBase.addChildInternal(ContainerBase.java:683)
		... 37 more
	Caused by: java.lang.IllegalArgumentException: The main resource set specified [C:\Users\Admin\Downloads\netbean\SixthWebApplication\build\web] is not a directory or war file, or is not readable (it does not exist or permissions to access it are missing)
		at org.apache.catalina.webresources.StandardRoot.createMainResourceSet(StandardRoot.java:749)
		at org.apache.catalina.webresources.StandardRoot.startInternal(StandardRoot.java:707)
		at org.apache.catalina.util.LifecycleBase.start(LifecycleBase.java:171)
		... 41 more
14-Jul-2024 15:08:16.331 INFO [main] org.apache.catalina.startup.HostConfig.deployDescriptor Deployment of deployment descriptor [D:\java\Webapp\tomcat\conf\Catalina\localhost\SixthWebApplication.xml] has finished in [54] ms
14-Jul-2024 15:08:16.332 INFO [main] org.apache.catalina.startup.HostConfig.deployDescriptor Deploying deployment descriptor [D:\java\Webapp\tomcat\conf\Catalina\localhost\TenthWebApplication.xml]
14-Jul-2024 15:08:16.335 WARNING [main] org.apache.catalina.startup.HostConfig.deployDescriptor The path attribute with value [/TenthWebApplication] in deployment descriptor [D:\java\Webapp\tomcat\conf\Catalina\localhost\TenthWebApplication.xml] has been ignored
14-Jul-2024 15:08:16.859 INFO [main] org.apache.jasper.servlet.TldScanner.scanJars At least one JAR was scanned for TLDs yet contained no TLDs. Enable debug logging for this logger for a complete list of JARs that were scanned but no TLDs were found in them. Skipping unneeded JARs during scanning can improve startup time and JSP compilation time.
14-Jul-2024 15:08:16.867 INFO [main] org.apache.catalina.startup.HostConfig.deployDescriptor Deployment of deployment descriptor [D:\java\Webapp\tomcat\conf\Catalina\localhost\TenthWebApplication.xml] has finished in [536] ms
14-Jul-2024 15:08:16.868 INFO [main] org.apache.catalina.startup.HostConfig.deployDescriptor Deploying deployment descriptor [D:\java\Webapp\tomcat\conf\Catalina\localhost\WebApplication1.xml]
14-Jul-2024 15:08:16.870 WARNING [main] org.apache.catalina.startup.HostConfig.deployDescriptor The path attribute with value [/WebApplication1] in deployment descriptor [D:\java\Webapp\tomcat\conf\Catalina\localhost\WebApplication1.xml] has been ignored
14-Jul-2024 15:08:16.874 SEVERE [main] org.apache.catalina.startup.HostConfig.deployDescriptor Error deploying deployment descriptor [D:\java\Webapp\tomcat\conf\Catalina\localhost\WebApplication1.xml]
	java.lang.IllegalStateException: Error starting child
		at org.apache.catalina.core.ContainerBase.addChildInternal(ContainerBase.java:686)
		at org.apache.catalina.core.ContainerBase.addChild(ContainerBase.java:658)
		at org.apache.catalina.core.StandardHost.addChild(StandardHost.java:661)
		at org.apache.catalina.startup.HostConfig.deployDescriptor(HostConfig.java:691)
		at org.apache.catalina.startup.HostConfig$DeployDescriptor.run(HostConfig.java:1897)
		at java.util.concurrent.Executors$RunnableAdapter.call(Executors.java:511)
		at java.util.concurrent.FutureTask.run(FutureTask.java:266)
		at org.apache.tomcat.util.threads.InlineExecutorService.execute(InlineExecutorService.java:75)
		at java.util.concurrent.AbstractExecutorService.submit(AbstractExecutorService.java:112)
		at org.apache.catalina.startup.HostConfig.deployDescriptors(HostConfig.java:584)
		at org.apache.catalina.startup.HostConfig.deployApps(HostConfig.java:474)
		at org.apache.catalina.startup.HostConfig.start(HostConfig.java:1619)
		at org.apache.catalina.startup.HostConfig.lifecycleEvent(HostConfig.java:318)
		at org.apache.catalina.util.LifecycleBase.fireLifecycleEvent(LifecycleBase.java:114)
		at org.apache.catalina.util.LifecycleBase.setStateInternal(LifecycleBase.java:402)
		at org.apache.catalina.util.LifecycleBase.setState(LifecycleBase.java:345)
		at org.apache.catalina.core.ContainerBase.startInternal(ContainerBase.java:893)
		at org.apache.catalina.core.StandardHost.startInternal(StandardHost.java:794)
		at org.apache.catalina.util.LifecycleBase.start(LifecycleBase.java:171)
		at org.apache.catalina.core.ContainerBase$StartChild.call(ContainerBase.java:1332)
		at org.apache.catalina.core.ContainerBase$StartChild.call(ContainerBase.java:1322)
		at java.util.concurrent.FutureTask.run(FutureTask.java:266)
		at org.apache.tomcat.util.threads.InlineExecutorService.execute(InlineExecutorService.java:75)
		at java.util.concurrent.AbstractExecutorService.submit(AbstractExecutorService.java:134)
		at org.apache.catalina.core.ContainerBase.startInternal(ContainerBase.java:866)
		at org.apache.catalina.core.StandardEngine.startInternal(StandardEngine.java:248)
		at org.apache.catalina.util.LifecycleBase.start(LifecycleBase.java:171)
		at org.apache.catalina.core.StandardService.startInternal(StandardService.java:433)
		at org.apache.catalina.util.LifecycleBase.start(LifecycleBase.java:171)
		at org.apache.catalina.core.StandardServer.startInternal(StandardServer.java:921)
		at org.apache.catalina.util.LifecycleBase.start(LifecycleBase.java:171)
		at org.apache.catalina.startup.Catalina.start(Catalina.java:772)
		at sun.reflect.NativeMethodAccessorImpl.invoke0(Native Method)
		at sun.reflect.NativeMethodAccessorImpl.invoke(NativeMethodAccessorImpl.java:62)
		at sun.reflect.DelegatingMethodAccessorImpl.invoke(DelegatingMethodAccessorImpl.java:43)
		at java.lang.reflect.Method.invoke(Method.java:498)
		at org.apache.catalina.startup.Bootstrap.start(Bootstrap.java:347)
		at org.apache.catalina.startup.Bootstrap.main(Bootstrap.java:478)
	Caused by: org.apache.catalina.LifecycleException: Failed to start component [org.apache.catalina.webresources.StandardRoot@4e1b5532]
		at org.apache.catalina.util.LifecycleBase.handleSubClassException(LifecycleBase.java:419)
		at org.apache.catalina.util.LifecycleBase.start(LifecycleBase.java:186)
		at org.apache.catalina.core.StandardContext.resourcesStart(StandardContext.java:4575)
		at org.apache.catalina.core.StandardContext.startInternal(StandardContext.java:4708)
		at org.apache.catalina.util.LifecycleBase.start(LifecycleBase.java:171)
		at org.apache.catalina.core.ContainerBase.addChildInternal(ContainerBase.java:683)
		... 37 more
	Caused by: java.lang.IllegalArgumentException: The main resource set specified [D:\java\netbin\WebApplication1\WebApplication1\build\web] is not a directory or war file, or is not readable (it does not exist or permissions to access it are missing)
		at org.apache.catalina.webresources.StandardRoot.createMainResourceSet(StandardRoot.java:749)
		at org.apache.catalina.webresources.StandardRoot.startInternal(StandardRoot.java:707)
		at org.apache.catalina.util.LifecycleBase.start(LifecycleBase.java:171)
		... 41 more
14-Jul-2024 15:08:16.878 INFO [main] org.apache.catalina.startup.HostConfig.deployDescriptor Deployment of deployment descriptor [D:\java\Webapp\tomcat\conf\Catalina\localhost\WebApplication1.xml] has finished in [11] ms
14-Jul-2024 15:08:16.879 INFO [main] org.apache.catalina.startup.HostConfig.deployDirectory Deploying web application directory [D:\java\Webapp\tomcat\webapps\docs]
14-Jul-2024 15:08:16.924 INFO [main] org.apache.catalina.startup.HostConfig.deployDirectory Deployment of web application directory [D:\java\Webapp\tomcat\webapps\docs] has finished in [45] ms
14-Jul-2024 15:08:16.924 INFO [main] org.apache.catalina.startup.HostConfig.deployDirectory Deploying web application directory [D:\java\Webapp\tomcat\webapps\examples]
14-Jul-2024 15:08:17.887 INFO [main] org.apache.catalina.startup.HostConfig.deployDirectory Deployment of web application directory [D:\java\Webapp\tomcat\webapps\examples] has finished in [963] ms
14-Jul-2024 15:08:17.887 INFO [main] org.apache.catalina.startup.HostConfig.deployDirectory Deploying web application directory [D:\java\Webapp\tomcat\webapps\host-manager]
14-Jul-2024 15:08:17.907 INFO [main] org.apache.catalina.startup.HostConfig.deployDirectory Deployment of web application directory [D:\java\Webapp\tomcat\webapps\host-manager] has finished in [20] ms
14-Jul-2024 15:08:17.907 INFO [main] org.apache.catalina.startup.HostConfig.deployDirectory Deploying web application directory [D:\java\Webapp\tomcat\webapps\manager]
14-Jul-2024 15:08:17.926 INFO [main] org.apache.catalina.startup.HostConfig.deployDirectory Deployment of web application directory [D:\java\Webapp\tomcat\webapps\manager] has finished in [19] ms
14-Jul-2024 15:08:17.926 INFO [main] org.apache.catalina.startup.HostConfig.deployDirectory Deploying web application directory [D:\java\Webapp\tomcat\webapps\myweb]
14-Jul-2024 15:08:17.939 INFO [main] org.apache.catalina.startup.HostConfig.deployDirectory Deployment of web application directory [D:\java\Webapp\tomcat\webapps\myweb] has finished in [13] ms
14-Jul-2024 15:08:17.939 INFO [main] org.apache.catalina.startup.HostConfig.deployDirectory Deploying web application directory [D:\java\Webapp\tomcat\webapps\ROOT]
14-Jul-2024 15:08:17.955 INFO [main] org.apache.catalina.startup.HostConfig.deployDirectory Deployment of web application directory [D:\java\Webapp\tomcat\webapps\ROOT] has finished in [16] ms
14-Jul-2024 15:08:17.956 INFO [main] org.apache.catalina.startup.HostConfig.deployDirectory Deploying web application directory [D:\java\Webapp\tomcat\webapps\sms]
14-Jul-2024 15:08:17.986 INFO [main] org.apache.catalina.startup.HostConfig.deployDirectory Deployment of web application directory [D:\java\Webapp\tomcat\webapps\sms] has finished in [30] ms
14-Jul-2024 15:08:17.991 INFO [main] org.apache.coyote.AbstractProtocol.start Starting ProtocolHandler ["http-nio-8080"]
14-Jul-2024 15:08:18.010 INFO [main] org.apache.catalina.startup.Catalina.start Server startup in [5849] milliseconds
14-Jul-2024 15:08:21.570 INFO [http-nio-8080-exec-1] org.apache.catalina.startup.HostConfig.undeploy Undeploying context [/BookStore]
14-Jul-2024 15:08:21.617 INFO [http-nio-8080-exec-2] org.apache.catalina.startup.HostConfig.deployDescriptor Deploying deployment descriptor [D:\java\Webapp\tomcat\conf\Catalina\localhost\BookStore.xml]
14-Jul-2024 15:08:21.618 WARNING [http-nio-8080-exec-2] org.apache.catalina.startup.HostConfig.deployDescriptor The path attribute with value [/BookStore] in deployment descriptor [D:\java\Webapp\tomcat\conf\Catalina\localhost\BookStore.xml] has been ignored
14-Jul-2024 15:08:21.757 INFO [http-nio-8080-exec-2] org.apache.jasper.servlet.TldScanner.scanJars At least one JAR was scanned for TLDs yet contained no TLDs. Enable debug logging for this logger for a complete list of JARs that were scanned but no TLDs were found in them. Skipping unneeded JARs during scanning can improve startup time and JSP compilation time.
14-Jul-2024 15:08:21.759 INFO [http-nio-8080-exec-2] org.apache.catalina.startup.HostConfig.deployDescriptor Deployment of deployment descriptor [D:\java\Webapp\tomcat\conf\Catalina\localhost\BookStore.xml] has finished in [142] ms
14-Jul-2024 15:08:21.765 INFO [http-nio-8080-exec-9] org.apache.catalina.util.LifecycleBase.start The start() method was called on component [StandardEngine[Catalina].StandardHost[localhost].StandardContext[/BookStore]] after start() had already been called. The second call will be ignored.
14-Jul-2024 15:45:23.941 INFO [main] org.apache.catalina.core.StandardServer.await A valid shutdown command was received via the shutdown port. Stopping the Server instance.
14-Jul-2024 15:45:23.942 INFO [main] org.apache.coyote.AbstractProtocol.pause Pausing ProtocolHandler ["http-nio-8080"]
14-Jul-2024 15:45:24.041 INFO [main] org.apache.catalina.core.StandardService.stopInternal Stopping service [Catalina]
14-Jul-2024 15:45:24.058 WARNING [main] org.apache.catalina.loader.WebappClassLoaderBase.clearReferencesThreads The web application [program8] appears to have started a thread named [Abandoned connection cleanup thread] but has failed to stop it. This is very likely to create a memory leak. Stack trace of thread:
 java.lang.Object.wait(Native Method)
 java.lang.ref.ReferenceQueue.remove(ReferenceQueue.java:150)
 com.mysql.jdbc.AbandonedConnectionCleanupThread.run(AbandonedConnectionCleanupThread.java:43)
14-Jul-2024 15:45:24.078 WARNING [main] org.apache.catalina.loader.WebappClassLoaderBase.clearReferencesThreads The web application [Project5] appears to have started a thread named [mysql-cj-abandoned-connection-cleanup] but has failed to stop it. This is very likely to create a memory leak. Stack trace of thread:
 com.mysql.jdbc.AbandonedConnectionCleanupThread.checkThreadContextClassLoader(AbandonedConnectionCleanupThread.java:112)
 com.mysql.jdbc.AbandonedConnectionCleanupThread.run(AbandonedConnectionCleanupThread.java:79)
 java.util.concurrent.ThreadPoolExecutor.runWorker(ThreadPoolExecutor.java:1149)
 java.util.concurrent.ThreadPoolExecutor$Worker.run(ThreadPoolExecutor.java:624)
 java.lang.Thread.run(Thread.java:750)
14-Jul-2024 15:45:24.090 WARNING [main] org.apache.catalina.loader.WebappClassLoaderBase.clearReferencesThreads The web application [Project4] appears to have started a thread named [mysql-cj-abandoned-connection-cleanup] but has failed to stop it. This is very likely to create a memory leak. Stack trace of thread:
 java.io.WinNTFileSystem.canonicalize0(Native Method)
 java.io.WinNTFileSystem.canonicalize(WinNTFileSystem.java:478)
 java.io.File.getCanonicalPath(File.java:626)
 org.apache.catalina.webresources.AbstractFileResourceSet.file(AbstractFileResourceSet.java:94)
 org.apache.catalina.webresources.DirResourceSet.getResource(DirResourceSet.java:94)
 org.apache.catalina.webresources.StandardRoot.getResourceInternal(StandardRoot.java:272)
 org.apache.catalina.webresources.CachedResource.validateResource(CachedResource.java:105)
 org.apache.catalina.webresources.Cache.getResource(Cache.java:96)
 org.apache.catalina.webresources.StandardRoot.getResource(StandardRoot.java:211)
 org.apache.catalina.webresources.StandardRoot.getClassLoaderResource(StandardRoot.java:220)
 org.apache.catalina.loader.WebappClassLoaderBase.findResource(WebappClassLoaderBase.java:885)
 org.apache.catalina.loader.WebappClassLoaderBase.getResource(WebappClassLoaderBase.java:1002)
 com.mysql.jdbc.AbandonedConnectionCleanupThread.checkThreadContextClassLoader(AbandonedConnectionCleanupThread.java:112)
 com.mysql.jdbc.AbandonedConnectionCleanupThread.run(AbandonedConnectionCleanupThread.java:79)
 java.util.concurrent.ThreadPoolExecutor.runWorker(ThreadPoolExecutor.java:1149)
 java.util.concurrent.ThreadPoolExecutor$Worker.run(ThreadPoolExecutor.java:624)
 java.lang.Thread.run(Thread.java:750)
14-Jul-2024 15:45:24.103 WARNING [main] org.apache.catalina.loader.WebappClassLoaderBase.clearReferencesThreads The web application [Project3] appears to have started a thread named [mysql-cj-abandoned-connection-cleanup] but has failed to stop it. This is very likely to create a memory leak. Stack trace of thread:
14-Jul-2024 15:45:24.138 WARNING [main] org.apache.catalina.loader.WebappClassLoaderBase.clearReferencesThreads The web application [NinthWebApplication] appears to have started a thread named [mysql-cj-abandoned-connection-cleanup] but has failed to stop it. This is very likely to create a memory leak. Stack trace of thread:
 com.mysql.cj.jdbc.AbandonedConnectionCleanupThread.run(AbandonedConnectionCleanupThread.java:90)
 java.util.concurrent.ThreadPoolExecutor.runWorker(ThreadPoolExecutor.java:1149)
 java.util.concurrent.ThreadPoolExecutor$Worker.run(ThreadPoolExecutor.java:624)
 java.lang.Thread.run(Thread.java:750)
14-Jul-2024 15:45:24.150 WARNING [main] org.apache.catalina.loader.WebappClassLoaderBase.clearReferencesThreads The web application [TenthWebApplication] appears to have started a thread named [mysql-cj-abandoned-connection-cleanup] but has failed to stop it. This is very likely to create a memory leak. Stack trace of thread:
 java.io.WinNTFileSystem.getLastModifiedTime(Native Method)
 java.io.File.lastModified(File.java:954)
 org.apache.catalina.webresources.FileResource.getLastModified(FileResource.java:92)
 org.apache.catalina.webresources.CachedResource.getLastModified(CachedResource.java:185)
 org.apache.catalina.webresources.CachedResource.validateResource(CachedResource.java:106)
 org.apache.catalina.webresources.Cache.getResource(Cache.java:96)
 org.apache.catalina.webresources.StandardRoot.getResource(StandardRoot.java:211)
 org.apache.catalina.webresources.StandardRoot.getClassLoaderResource(StandardRoot.java:220)
 org.apache.catalina.loader.WebappClassLoaderBase.findResource(WebappClassLoaderBase.java:885)
 org.apache.catalina.loader.WebappClassLoaderBase.getResource(WebappClassLoaderBase.java:1002)
 com.mysql.cj.jdbc.AbandonedConnectionCleanupThread.checkThreadContextClassLoader(AbandonedConnectionCleanupThread.java:123)
 com.mysql.cj.jdbc.AbandonedConnectionCleanupThread.run(AbandonedConnectionCleanupThread.java:90)
 java.util.concurrent.ThreadPoolExecutor.runWorker(ThreadPoolExecutor.java:1149)
 java.util.concurrent.ThreadPoolExecutor$Worker.run(ThreadPoolExecutor.java:624)
 java.lang.Thread.run(Thread.java:750)
14-Jul-2024 15:45:24.157 WARNING [main] org.apache.catalina.loader.WebappClassLoaderBase.clearReferencesJdbc The web application [BookStore] registered the JDBC driver [com.mysql.jdbc.Driver] but failed to unregister it when the web application was stopped. To prevent a memory leak, the JDBC Driver has been forcibly unregistered.
14-Jul-2024 15:45:24.157 WARNING [main] org.apache.catalina.loader.WebappClassLoaderBase.clearReferencesThreads The web application [BookStore] appears to have started a thread named [Abandoned connection cleanup thread] but has failed to stop it. This is very likely to create a memory leak. Stack trace of thread:
 java.lang.Object.wait(Native Method)
 java.lang.ref.ReferenceQueue.remove(ReferenceQueue.java:150)
 com.mysql.jdbc.AbandonedConnectionCleanupThread.run(AbandonedConnectionCleanupThread.java:43)
14-Jul-2024 15:45:24.160 INFO [main] org.apache.coyote.AbstractProtocol.stop Stopping ProtocolHandler ["http-nio-8080"]
14-Jul-2024 15:45:24.173 INFO [main] org.apache.coyote.AbstractProtocol.destroy Destroying ProtocolHandler ["http-nio-8080"]
14-Jul-2024 16:38:35.662 INFO [main] org.apache.catalina.startup.VersionLoggerListener.log Server version name:   Apache Tomcat/9.0.85
14-Jul-2024 16:38:35.664 INFO [main] org.apache.catalina.startup.VersionLoggerListener.log Server built:          Jan 5 2024 08:28:07 UTC
14-Jul-2024 16:38:35.664 INFO [main] org.apache.catalina.startup.VersionLoggerListener.log Server version number: 9.0.85.0
14-Jul-2024 16:38:35.664 INFO [main] org.apache.catalina.startup.VersionLoggerListener.log OS Name:               Windows 10
14-Jul-2024 16:38:35.664 INFO [main] org.apache.catalina.startup.VersionLoggerListener.log OS Version:            10.0
14-Jul-2024 16:38:35.664 INFO [main] org.apache.catalina.startup.VersionLoggerListener.log Architecture:          amd64
14-Jul-2024 16:38:35.664 INFO [main] org.apache.catalina.startup.VersionLoggerListener.log Java Home:             C:\Program Files\Java\jdk-1.8\jre
14-Jul-2024 16:38:35.665 INFO [main] org.apache.catalina.startup.VersionLoggerListener.log JVM Version:           1.8.0_381-b09
14-Jul-2024 16:38:35.665 INFO [main] org.apache.catalina.startup.VersionLoggerListener.log JVM Vendor:            Oracle Corporation
14-Jul-2024 16:38:35.665 INFO [main] org.apache.catalina.startup.VersionLoggerListener.log CATALINA_BASE:         D:\java\Webapp\tomcat
14-Jul-2024 16:38:35.665 INFO [main] org.apache.catalina.startup.VersionLoggerListener.log CATALINA_HOME:         D:\java\Webapp\tomcat
14-Jul-2024 16:38:35.666 INFO [main] org.apache.catalina.startup.VersionLoggerListener.log Command line argument: -Djava.util.logging.config.file=D:\java\Webapp\tomcat\conf\logging.properties
14-Jul-2024 16:38:35.666 INFO [main] org.apache.catalina.startup.VersionLoggerListener.log Command line argument: -Djava.util.logging.manager=org.apache.juli.ClassLoaderLogManager
14-Jul-2024 16:38:35.666 INFO [main] org.apache.catalina.startup.VersionLoggerListener.log Command line argument: -Dhttp.nonProxyHosts=localhost|127.0.0.1|DESKTOP-R6N6PO7
14-Jul-2024 16:38:35.666 INFO [main] org.apache.catalina.startup.VersionLoggerListener.log Command line argument: -Djdk.tls.ephemeralDHKeySize=2048
14-Jul-2024 16:38:35.666 INFO [main] org.apache.catalina.startup.VersionLoggerListener.log Command line argument: -Djava.protocol.handler.pkgs=org.apache.catalina.webresources
14-Jul-2024 16:38:35.666 INFO [main] org.apache.catalina.startup.VersionLoggerListener.log Command line argument: -Dignore.endorsed.dirs=
14-Jul-2024 16:38:35.666 INFO [main] org.apache.catalina.startup.VersionLoggerListener.log Command line argument: -Dcatalina.base=D:\java\Webapp\tomcat
14-Jul-2024 16:38:35.666 INFO [main] org.apache.catalina.startup.VersionLoggerListener.log Command line argument: -Dcatalina.home=D:\java\Webapp\tomcat
14-Jul-2024 16:38:35.667 INFO [main] org.apache.catalina.startup.VersionLoggerListener.log Command line argument: -Djava.io.tmpdir=D:\java\Webapp\tomcat\temp
14-Jul-2024 16:38:35.672 INFO [main] org.apache.catalina.core.AprLifecycleListener.lifecycleEvent Loaded Apache Tomcat Native library [1.2.39] using APR version [1.7.4].
14-Jul-2024 16:38:35.672 INFO [main] org.apache.catalina.core.AprLifecycleListener.lifecycleEvent APR capabilities: IPv6 [true], sendfile [true], accept filters [false], random [true], UDS [true].
14-Jul-2024 16:38:35.673 INFO [main] org.apache.catalina.core.AprLifecycleListener.lifecycleEvent APR/OpenSSL configuration: useAprConnector [false], useOpenSSL [true]
14-Jul-2024 16:38:35.690 INFO [main] org.apache.catalina.core.AprLifecycleListener.initializeSSL OpenSSL successfully initialized [OpenSSL 3.0.11 19 Sep 2023]
14-Jul-2024 16:38:36.054 INFO [main] org.apache.coyote.AbstractProtocol.init Initializing ProtocolHandler ["http-nio-8080"]
14-Jul-2024 16:38:36.075 INFO [main] org.apache.catalina.startup.Catalina.load Server initialization in [598] milliseconds
14-Jul-2024 16:38:36.126 INFO [main] org.apache.catalina.core.StandardService.startInternal Starting service [Catalina]
14-Jul-2024 16:38:36.127 INFO [main] org.apache.catalina.core.StandardEngine.startInternal Starting Servlet engine: [Apache Tomcat/9.0.85]
14-Jul-2024 16:38:36.136 INFO [main] org.apache.catalina.startup.HostConfig.deployDescriptor Deploying deployment descriptor [D:\java\Webapp\tomcat\conf\Catalina\localhost\assignment6.xml]
14-Jul-2024 16:38:36.151 WARNING [main] org.apache.catalina.startup.HostConfig.deployDescriptor The path attribute with value [/assignment6] in deployment descriptor [D:\java\Webapp\tomcat\conf\Catalina\localhost\assignment6.xml] has been ignored
14-Jul-2024 16:38:36.476 INFO [main] org.apache.catalina.startup.HostConfig.deployDescriptor Deployment of deployment descriptor [D:\java\Webapp\tomcat\conf\Catalina\localhost\assignment6.xml] has finished in [339] ms
14-Jul-2024 16:38:36.476 INFO [main] org.apache.catalina.startup.HostConfig.deployDescriptor Deploying deployment descriptor [D:\java\Webapp\tomcat\conf\Catalina\localhost\BookStore.xml]
14-Jul-2024 16:38:36.478 WARNING [main] org.apache.catalina.startup.HostConfig.deployDescriptor The path attribute with value [/BookStore] in deployment descriptor [D:\java\Webapp\tomcat\conf\Catalina\localhost\BookStore.xml] has been ignored
14-Jul-2024 16:38:36.738 INFO [main] org.apache.jasper.servlet.TldScanner.scanJars At least one JAR was scanned for TLDs yet contained no TLDs. Enable debug logging for this logger for a complete list of JARs that were scanned but no TLDs were found in them. Skipping unneeded JARs during scanning can improve startup time and JSP compilation time.
14-Jul-2024 16:38:36.740 INFO [main] org.apache.catalina.startup.HostConfig.deployDescriptor Deployment of deployment descriptor [D:\java\Webapp\tomcat\conf\Catalina\localhost\BookStore.xml] has finished in [264] ms
14-Jul-2024 16:38:36.741 INFO [main] org.apache.catalina.startup.HostConfig.deployDescriptor Deploying deployment descriptor [D:\java\Webapp\tomcat\conf\Catalina\localhost\BookStoreApplication.xml]
14-Jul-2024 16:38:36.742 WARNING [main] org.apache.catalina.startup.HostConfig.deployDescriptor The path attribute with value [/BookStoreApplication] in deployment descriptor [D:\java\Webapp\tomcat\conf\Catalina\localhost\BookStoreApplication.xml] has been ignored
14-Jul-2024 16:38:36.766 INFO [main] org.apache.catalina.startup.HostConfig.deployDescriptor Deployment of deployment descriptor [D:\java\Webapp\tomcat\conf\Catalina\localhost\BookStoreApplication.xml] has finished in [26] ms
14-Jul-2024 16:38:36.766 INFO [main] org.apache.catalina.startup.HostConfig.deployDescriptor Deploying deployment descriptor [D:\java\Webapp\tomcat\conf\Catalina\localhost\EleventhWebApplication.xml]
14-Jul-2024 16:38:36.768 WARNING [main] org.apache.catalina.startup.HostConfig.deployDescriptor The path attribute with value [/EleventhWebApplication] in deployment descriptor [D:\java\Webapp\tomcat\conf\Catalina\localhost\EleventhWebApplication.xml] has been ignored
14-Jul-2024 16:38:36.794 INFO [main] org.apache.catalina.startup.HostConfig.deployDescriptor Deployment of deployment descriptor [D:\java\Webapp\tomcat\conf\Catalina\localhost\EleventhWebApplication.xml] has finished in [28] ms
14-Jul-2024 16:38:36.794 INFO [main] org.apache.catalina.startup.HostConfig.deployDescriptor Deploying deployment descriptor [D:\java\Webapp\tomcat\conf\Catalina\localhost\MyE-book.xml]
14-Jul-2024 16:38:36.795 WARNING [main] org.apache.catalina.startup.HostConfig.deployDescriptor The path attribute with value [/MyE-book] in deployment descriptor [D:\java\Webapp\tomcat\conf\Catalina\localhost\MyE-book.xml] has been ignored
14-Jul-2024 16:38:36.814 INFO [main] org.apache.catalina.startup.HostConfig.deployDescriptor Deployment of deployment descriptor [D:\java\Webapp\tomcat\conf\Catalina\localhost\MyE-book.xml] has finished in [20] ms
14-Jul-2024 16:38:36.815 INFO [main] org.apache.catalina.startup.HostConfig.deployDescriptor Deploying deployment descriptor [D:\java\Webapp\tomcat\conf\Catalina\localhost\NinthWebApplication.xml]
14-Jul-2024 16:38:36.816 WARNING [main] org.apache.catalina.startup.HostConfig.deployDescriptor The path attribute with value [/NinthWebApplication] in deployment descriptor [D:\java\Webapp\tomcat\conf\Catalina\localhost\NinthWebApplication.xml] has been ignored
14-Jul-2024 16:38:37.112 INFO [main] org.apache.jasper.servlet.TldScanner.scanJars At least one JAR was scanned for TLDs yet contained no TLDs. Enable debug logging for this logger for a complete list of JARs that were scanned but no TLDs were found in them. Skipping unneeded JARs during scanning can improve startup time and JSP compilation time.
14-Jul-2024 16:38:37.123 INFO [main] org.apache.catalina.startup.HostConfig.deployDescriptor Deployment of deployment descriptor [D:\java\Webapp\tomcat\conf\Catalina\localhost\NinthWebApplication.xml] has finished in [309] ms
14-Jul-2024 16:38:37.123 INFO [main] org.apache.catalina.startup.HostConfig.deployDescriptor Deploying deployment descriptor [D:\java\Webapp\tomcat\conf\Catalina\localhost\program17.xml]
14-Jul-2024 16:38:37.124 WARNING [main] org.apache.catalina.startup.HostConfig.deployDescriptor The path attribute with value [/program17] in deployment descriptor [D:\java\Webapp\tomcat\conf\Catalina\localhost\program17.xml] has been ignored
14-Jul-2024 16:38:37.130 SEVERE [main] org.apache.catalina.startup.HostConfig.deployDescriptor Error deploying deployment descriptor [D:\java\Webapp\tomcat\conf\Catalina\localhost\program17.xml]
	java.lang.IllegalStateException: Error starting child
		at org.apache.catalina.core.ContainerBase.addChildInternal(ContainerBase.java:686)
		at org.apache.catalina.core.ContainerBase.addChild(ContainerBase.java:658)
		at org.apache.catalina.core.StandardHost.addChild(StandardHost.java:661)
		at org.apache.catalina.startup.HostConfig.deployDescriptor(HostConfig.java:691)
		at org.apache.catalina.startup.HostConfig$DeployDescriptor.run(HostConfig.java:1897)
		at java.util.concurrent.Executors$RunnableAdapter.call(Executors.java:511)
		at java.util.concurrent.FutureTask.run(FutureTask.java:266)
		at org.apache.tomcat.util.threads.InlineExecutorService.execute(InlineExecutorService.java:75)
		at java.util.concurrent.AbstractExecutorService.submit(AbstractExecutorService.java:112)
		at org.apache.catalina.startup.HostConfig.deployDescriptors(HostConfig.java:584)
		at org.apache.catalina.startup.HostConfig.deployApps(HostConfig.java:474)
		at org.apache.catalina.startup.HostConfig.start(HostConfig.java:1619)
		at org.apache.catalina.startup.HostConfig.lifecycleEvent(HostConfig.java:318)
		at org.apache.catalina.util.LifecycleBase.fireLifecycleEvent(LifecycleBase.java:114)
		at org.apache.catalina.util.LifecycleBase.setStateInternal(LifecycleBase.java:402)
		at org.apache.catalina.util.LifecycleBase.setState(LifecycleBase.java:345)
		at org.apache.catalina.core.ContainerBase.startInternal(ContainerBase.java:893)
		at org.apache.catalina.core.StandardHost.startInternal(StandardHost.java:794)
		at org.apache.catalina.util.LifecycleBase.start(LifecycleBase.java:171)
		at org.apache.catalina.core.ContainerBase$StartChild.call(ContainerBase.java:1332)
		at org.apache.catalina.core.ContainerBase$StartChild.call(ContainerBase.java:1322)
		at java.util.concurrent.FutureTask.run(FutureTask.java:266)
		at org.apache.tomcat.util.threads.InlineExecutorService.execute(InlineExecutorService.java:75)
		at java.util.concurrent.AbstractExecutorService.submit(AbstractExecutorService.java:134)
		at org.apache.catalina.core.ContainerBase.startInternal(ContainerBase.java:866)
		at org.apache.catalina.core.StandardEngine.startInternal(StandardEngine.java:248)
		at org.apache.catalina.util.LifecycleBase.start(LifecycleBase.java:171)
		at org.apache.catalina.core.StandardService.startInternal(StandardService.java:433)
		at org.apache.catalina.util.LifecycleBase.start(LifecycleBase.java:171)
		at org.apache.catalina.core.StandardServer.startInternal(StandardServer.java:921)
		at org.apache.catalina.util.LifecycleBase.start(LifecycleBase.java:171)
		at org.apache.catalina.startup.Catalina.start(Catalina.java:772)
		at sun.reflect.NativeMethodAccessorImpl.invoke0(Native Method)
		at sun.reflect.NativeMethodAccessorImpl.invoke(NativeMethodAccessorImpl.java:62)
		at sun.reflect.DelegatingMethodAccessorImpl.invoke(DelegatingMethodAccessorImpl.java:43)
		at java.lang.reflect.Method.invoke(Method.java:498)
		at org.apache.catalina.startup.Bootstrap.start(Bootstrap.java:347)
		at org.apache.catalina.startup.Bootstrap.main(Bootstrap.java:478)
	Caused by: org.apache.catalina.LifecycleException: Failed to start component [org.apache.catalina.webresources.StandardRoot@37d00a23]
		at org.apache.catalina.util.LifecycleBase.handleSubClassException(LifecycleBase.java:419)
		at org.apache.catalina.util.LifecycleBase.start(LifecycleBase.java:186)
		at org.apache.catalina.core.StandardContext.resourcesStart(StandardContext.java:4575)
		at org.apache.catalina.core.StandardContext.startInternal(StandardContext.java:4708)
		at org.apache.catalina.util.LifecycleBase.start(LifecycleBase.java:171)
		at org.apache.catalina.core.ContainerBase.addChildInternal(ContainerBase.java:683)
		... 37 more
	Caused by: java.lang.IllegalArgumentException: The main resource set specified [D:\java\netbin\program17\build\web] is not a directory or war file, or is not readable (it does not exist or permissions to access it are missing)
		at org.apache.catalina.webresources.StandardRoot.createMainResourceSet(StandardRoot.java:749)
		at org.apache.catalina.webresources.StandardRoot.startInternal(StandardRoot.java:707)
		at org.apache.catalina.util.LifecycleBase.start(LifecycleBase.java:171)
		... 41 more
14-Jul-2024 16:38:37.163 INFO [main] org.apache.catalina.startup.HostConfig.deployDescriptor Deployment of deployment descriptor [D:\java\Webapp\tomcat\conf\Catalina\localhost\program17.xml] has finished in [39] ms
14-Jul-2024 16:38:37.163 INFO [main] org.apache.catalina.startup.HostConfig.deployDescriptor Deploying deployment descriptor [D:\java\Webapp\tomcat\conf\Catalina\localhost\program7.xml]
14-Jul-2024 16:38:37.165 WARNING [main] org.apache.catalina.startup.HostConfig.deployDescriptor The path attribute with value [/program7] in deployment descriptor [D:\java\Webapp\tomcat\conf\Catalina\localhost\program7.xml] has been ignored
14-Jul-2024 16:38:37.608 INFO [main] org.apache.jasper.servlet.TldScanner.scanJars At least one JAR was scanned for TLDs yet contained no TLDs. Enable debug logging for this logger for a complete list of JARs that were scanned but no TLDs were found in them. Skipping unneeded JARs during scanning can improve startup time and JSP compilation time.
14-Jul-2024 16:38:37.624 INFO [main] org.apache.catalina.startup.HostConfig.deployDescriptor Deployment of deployment descriptor [D:\java\Webapp\tomcat\conf\Catalina\localhost\program7.xml] has finished in [460] ms
14-Jul-2024 16:38:37.624 INFO [main] org.apache.catalina.startup.HostConfig.deployDescriptor Deploying deployment descriptor [D:\java\Webapp\tomcat\conf\Catalina\localhost\program8.xml]
14-Jul-2024 16:38:37.627 WARNING [main] org.apache.catalina.startup.HostConfig.deployDescriptor The path attribute with value [/program8] in deployment descriptor [D:\java\Webapp\tomcat\conf\Catalina\localhost\program8.xml] has been ignored
14-Jul-2024 16:38:38.098 INFO [main] org.apache.jasper.servlet.TldScanner.scanJars At least one JAR was scanned for TLDs yet contained no TLDs. Enable debug logging for this logger for a complete list of JARs that were scanned but no TLDs were found in them. Skipping unneeded JARs during scanning can improve startup time and JSP compilation time.
14-Jul-2024 16:38:38.105 INFO [main] org.apache.catalina.startup.HostConfig.deployDescriptor Deployment of deployment descriptor [D:\java\Webapp\tomcat\conf\Catalina\localhost\program8.xml] has finished in [481] ms
14-Jul-2024 16:38:38.105 INFO [main] org.apache.catalina.startup.HostConfig.deployDescriptor Deploying deployment descriptor [D:\java\Webapp\tomcat\conf\Catalina\localhost\Project17.xml]
14-Jul-2024 16:38:38.106 WARNING [main] org.apache.catalina.startup.HostConfig.deployDescriptor The path attribute with value [/Project17] in deployment descriptor [D:\java\Webapp\tomcat\conf\Catalina\localhost\Project17.xml] has been ignored
14-Jul-2024 16:38:38.176 INFO [main] org.apache.jasper.servlet.TldScanner.scanJars At least one JAR was scanned for TLDs yet contained no TLDs. Enable debug logging for this logger for a complete list of JARs that were scanned but no TLDs were found in them. Skipping unneeded JARs during scanning can improve startup time and JSP compilation time.
14-Jul-2024 16:38:38.183 INFO [main] org.apache.catalina.startup.HostConfig.deployDescriptor Deployment of deployment descriptor [D:\java\Webapp\tomcat\conf\Catalina\localhost\Project17.xml] has finished in [78] ms
14-Jul-2024 16:38:38.183 INFO [main] org.apache.catalina.startup.HostConfig.deployDescriptor Deploying deployment descriptor [D:\java\Webapp\tomcat\conf\Catalina\localhost\Project2.xml]
14-Jul-2024 16:38:38.186 WARNING [main] org.apache.catalina.startup.HostConfig.deployDescriptor The path attribute with value [/Project2] in deployment descriptor [D:\java\Webapp\tomcat\conf\Catalina\localhost\Project2.xml] has been ignored
14-Jul-2024 16:38:38.207 INFO [main] org.apache.catalina.startup.HostConfig.deployDescriptor Deployment of deployment descriptor [D:\java\Webapp\tomcat\conf\Catalina\localhost\Project2.xml] has finished in [24] ms
14-Jul-2024 16:38:38.207 INFO [main] org.apache.catalina.startup.HostConfig.deployDescriptor Deploying deployment descriptor [D:\java\Webapp\tomcat\conf\Catalina\localhost\Project3.xml]
14-Jul-2024 16:38:38.208 WARNING [main] org.apache.catalina.startup.HostConfig.deployDescriptor The path attribute with value [/Project3] in deployment descriptor [D:\java\Webapp\tomcat\conf\Catalina\localhost\Project3.xml] has been ignored
14-Jul-2024 16:38:38.318 INFO [main] org.apache.jasper.servlet.TldScanner.scanJars At least one JAR was scanned for TLDs yet contained no TLDs. Enable debug logging for this logger for a complete list of JARs that were scanned but no TLDs were found in them. Skipping unneeded JARs during scanning can improve startup time and JSP compilation time.
14-Jul-2024 16:38:38.321 INFO [main] org.apache.catalina.startup.HostConfig.deployDescriptor Deployment of deployment descriptor [D:\java\Webapp\tomcat\conf\Catalina\localhost\Project3.xml] has finished in [113] ms
14-Jul-2024 16:38:38.321 INFO [main] org.apache.catalina.startup.HostConfig.deployDescriptor Deploying deployment descriptor [D:\java\Webapp\tomcat\conf\Catalina\localhost\Project4.xml]
14-Jul-2024 16:38:38.323 WARNING [main] org.apache.catalina.startup.HostConfig.deployDescriptor The path attribute with value [/Project4] in deployment descriptor [D:\java\Webapp\tomcat\conf\Catalina\localhost\Project4.xml] has been ignored
14-Jul-2024 16:38:38.436 INFO [main] org.apache.jasper.servlet.TldScanner.scanJars At least one JAR was scanned for TLDs yet contained no TLDs. Enable debug logging for this logger for a complete list of JARs that were scanned but no TLDs were found in them. Skipping unneeded JARs during scanning can improve startup time and JSP compilation time.
14-Jul-2024 16:38:38.437 INFO [main] org.apache.catalina.startup.HostConfig.deployDescriptor Deployment of deployment descriptor [D:\java\Webapp\tomcat\conf\Catalina\localhost\Project4.xml] has finished in [116] ms
14-Jul-2024 16:38:38.438 INFO [main] org.apache.catalina.startup.HostConfig.deployDescriptor Deploying deployment descriptor [D:\java\Webapp\tomcat\conf\Catalina\localhost\Project5.xml]
14-Jul-2024 16:38:38.439 WARNING [main] org.apache.catalina.startup.HostConfig.deployDescriptor The path attribute with value [/Project5] in deployment descriptor [D:\java\Webapp\tomcat\conf\Catalina\localhost\Project5.xml] has been ignored
14-Jul-2024 16:38:38.574 INFO [main] org.apache.jasper.servlet.TldScanner.scanJars At least one JAR was scanned for TLDs yet contained no TLDs. Enable debug logging for this logger for a complete list of JARs that were scanned but no TLDs were found in them. Skipping unneeded JARs during scanning can improve startup time and JSP compilation time.
14-Jul-2024 16:38:38.576 INFO [main] org.apache.catalina.startup.HostConfig.deployDescriptor Deployment of deployment descriptor [D:\java\Webapp\tomcat\conf\Catalina\localhost\Project5.xml] has finished in [139] ms
14-Jul-2024 16:38:38.576 INFO [main] org.apache.catalina.startup.HostConfig.deployDescriptor Deploying deployment descriptor [D:\java\Webapp\tomcat\conf\Catalina\localhost\SixthWebApplication.xml]
14-Jul-2024 16:38:38.578 WARNING [main] org.apache.catalina.startup.HostConfig.deployDescriptor The path attribute with value [/SixthWebApplication] in deployment descriptor [D:\java\Webapp\tomcat\conf\Catalina\localhost\SixthWebApplication.xml] has been ignored
14-Jul-2024 16:38:38.581 SEVERE [main] org.apache.catalina.startup.HostConfig.deployDescriptor Error deploying deployment descriptor [D:\java\Webapp\tomcat\conf\Catalina\localhost\SixthWebApplication.xml]
	java.lang.IllegalStateException: Error starting child
		at org.apache.catalina.core.ContainerBase.addChildInternal(ContainerBase.java:686)
		at org.apache.catalina.core.ContainerBase.addChild(ContainerBase.java:658)
		at org.apache.catalina.core.StandardHost.addChild(StandardHost.java:661)
		at org.apache.catalina.startup.HostConfig.deployDescriptor(HostConfig.java:691)
		at org.apache.catalina.startup.HostConfig$DeployDescriptor.run(HostConfig.java:1897)
		at java.util.concurrent.Executors$RunnableAdapter.call(Executors.java:511)
		at java.util.concurrent.FutureTask.run(FutureTask.java:266)
		at org.apache.tomcat.util.threads.InlineExecutorService.execute(InlineExecutorService.java:75)
		at java.util.concurrent.AbstractExecutorService.submit(AbstractExecutorService.java:112)
		at org.apache.catalina.startup.HostConfig.deployDescriptors(HostConfig.java:584)
		at org.apache.catalina.startup.HostConfig.deployApps(HostConfig.java:474)
		at org.apache.catalina.startup.HostConfig.start(HostConfig.java:1619)
		at org.apache.catalina.startup.HostConfig.lifecycleEvent(HostConfig.java:318)
		at org.apache.catalina.util.LifecycleBase.fireLifecycleEvent(LifecycleBase.java:114)
		at org.apache.catalina.util.LifecycleBase.setStateInternal(LifecycleBase.java:402)
		at org.apache.catalina.util.LifecycleBase.setState(LifecycleBase.java:345)
		at org.apache.catalina.core.ContainerBase.startInternal(ContainerBase.java:893)
		at org.apache.catalina.core.StandardHost.startInternal(StandardHost.java:794)
		at org.apache.catalina.util.LifecycleBase.start(LifecycleBase.java:171)
		at org.apache.catalina.core.ContainerBase$StartChild.call(ContainerBase.java:1332)
		at org.apache.catalina.core.ContainerBase$StartChild.call(ContainerBase.java:1322)
		at java.util.concurrent.FutureTask.run(FutureTask.java:266)
		at org.apache.tomcat.util.threads.InlineExecutorService.execute(InlineExecutorService.java:75)
		at java.util.concurrent.AbstractExecutorService.submit(AbstractExecutorService.java:134)
		at org.apache.catalina.core.ContainerBase.startInternal(ContainerBase.java:866)
		at org.apache.catalina.core.StandardEngine.startInternal(StandardEngine.java:248)
		at org.apache.catalina.util.LifecycleBase.start(LifecycleBase.java:171)
		at org.apache.catalina.core.StandardService.startInternal(StandardService.java:433)
		at org.apache.catalina.util.LifecycleBase.start(LifecycleBase.java:171)
		at org.apache.catalina.core.StandardServer.startInternal(StandardServer.java:921)
		at org.apache.catalina.util.LifecycleBase.start(LifecycleBase.java:171)
		at org.apache.catalina.startup.Catalina.start(Catalina.java:772)
		at sun.reflect.NativeMethodAccessorImpl.invoke0(Native Method)
		at sun.reflect.NativeMethodAccessorImpl.invoke(NativeMethodAccessorImpl.java:62)
		at sun.reflect.DelegatingMethodAccessorImpl.invoke(DelegatingMethodAccessorImpl.java:43)
		at java.lang.reflect.Method.invoke(Method.java:498)
		at org.apache.catalina.startup.Bootstrap.start(Bootstrap.java:347)
		at org.apache.catalina.startup.Bootstrap.main(Bootstrap.java:478)
	Caused by: org.apache.catalina.LifecycleException: Failed to start component [org.apache.catalina.webresources.StandardRoot@76e9eed8]
		at org.apache.catalina.util.LifecycleBase.handleSubClassException(LifecycleBase.java:419)
		at org.apache.catalina.util.LifecycleBase.start(LifecycleBase.java:186)
		at org.apache.catalina.core.StandardContext.resourcesStart(StandardContext.java:4575)
		at org.apache.catalina.core.StandardContext.startInternal(StandardContext.java:4708)
		at org.apache.catalina.util.LifecycleBase.start(LifecycleBase.java:171)
		at org.apache.catalina.core.ContainerBase.addChildInternal(ContainerBase.java:683)
		... 37 more
	Caused by: java.lang.IllegalArgumentException: The main resource set specified [C:\Users\Admin\Downloads\netbean\SixthWebApplication\build\web] is not a directory or war file, or is not readable (it does not exist or permissions to access it are missing)
		at org.apache.catalina.webresources.StandardRoot.createMainResourceSet(StandardRoot.java:749)
		at org.apache.catalina.webresources.StandardRoot.startInternal(StandardRoot.java:707)
		at org.apache.catalina.util.LifecycleBase.start(LifecycleBase.java:171)
		... 41 more
14-Jul-2024 16:38:38.615 INFO [main] org.apache.catalina.startup.HostConfig.deployDescriptor Deployment of deployment descriptor [D:\java\Webapp\tomcat\conf\Catalina\localhost\SixthWebApplication.xml] has finished in [38] ms
14-Jul-2024 16:38:38.615 INFO [main] org.apache.catalina.startup.HostConfig.deployDescriptor Deploying deployment descriptor [D:\java\Webapp\tomcat\conf\Catalina\localhost\TenthWebApplication.xml]
14-Jul-2024 16:38:38.618 WARNING [main] org.apache.catalina.startup.HostConfig.deployDescriptor The path attribute with value [/TenthWebApplication] in deployment descriptor [D:\java\Webapp\tomcat\conf\Catalina\localhost\TenthWebApplication.xml] has been ignored
14-Jul-2024 16:38:38.890 INFO [main] org.apache.jasper.servlet.TldScanner.scanJars At least one JAR was scanned for TLDs yet contained no TLDs. Enable debug logging for this logger for a complete list of JARs that were scanned but no TLDs were found in them. Skipping unneeded JARs during scanning can improve startup time and JSP compilation time.
14-Jul-2024 16:38:38.896 INFO [main] org.apache.catalina.startup.HostConfig.deployDescriptor Deployment of deployment descriptor [D:\java\Webapp\tomcat\conf\Catalina\localhost\TenthWebApplication.xml] has finished in [281] ms
14-Jul-2024 16:38:38.896 INFO [main] org.apache.catalina.startup.HostConfig.deployDescriptor Deploying deployment descriptor [D:\java\Webapp\tomcat\conf\Catalina\localhost\WebApplication1.xml]
14-Jul-2024 16:38:38.898 WARNING [main] org.apache.catalina.startup.HostConfig.deployDescriptor The path attribute with value [/WebApplication1] in deployment descriptor [D:\java\Webapp\tomcat\conf\Catalina\localhost\WebApplication1.xml] has been ignored
14-Jul-2024 16:38:38.902 SEVERE [main] org.apache.catalina.startup.HostConfig.deployDescriptor Error deploying deployment descriptor [D:\java\Webapp\tomcat\conf\Catalina\localhost\WebApplication1.xml]
	java.lang.IllegalStateException: Error starting child
		at org.apache.catalina.core.ContainerBase.addChildInternal(ContainerBase.java:686)
		at org.apache.catalina.core.ContainerBase.addChild(ContainerBase.java:658)
		at org.apache.catalina.core.StandardHost.addChild(StandardHost.java:661)
		at org.apache.catalina.startup.HostConfig.deployDescriptor(HostConfig.java:691)
		at org.apache.catalina.startup.HostConfig$DeployDescriptor.run(HostConfig.java:1897)
		at java.util.concurrent.Executors$RunnableAdapter.call(Executors.java:511)
		at java.util.concurrent.FutureTask.run(FutureTask.java:266)
		at org.apache.tomcat.util.threads.InlineExecutorService.execute(InlineExecutorService.java:75)
		at java.util.concurrent.AbstractExecutorService.submit(AbstractExecutorService.java:112)
		at org.apache.catalina.startup.HostConfig.deployDescriptors(HostConfig.java:584)
		at org.apache.catalina.startup.HostConfig.deployApps(HostConfig.java:474)
		at org.apache.catalina.startup.HostConfig.start(HostConfig.java:1619)
		at org.apache.catalina.startup.HostConfig.lifecycleEvent(HostConfig.java:318)
		at org.apache.catalina.util.LifecycleBase.fireLifecycleEvent(LifecycleBase.java:114)
		at org.apache.catalina.util.LifecycleBase.setStateInternal(LifecycleBase.java:402)
		at org.apache.catalina.util.LifecycleBase.setState(LifecycleBase.java:345)
		at org.apache.catalina.core.ContainerBase.startInternal(ContainerBase.java:893)
		at org.apache.catalina.core.StandardHost.startInternal(StandardHost.java:794)
		at org.apache.catalina.util.LifecycleBase.start(LifecycleBase.java:171)
		at org.apache.catalina.core.ContainerBase$StartChild.call(ContainerBase.java:1332)
		at org.apache.catalina.core.ContainerBase$StartChild.call(ContainerBase.java:1322)
		at java.util.concurrent.FutureTask.run(FutureTask.java:266)
		at org.apache.tomcat.util.threads.InlineExecutorService.execute(InlineExecutorService.java:75)
		at java.util.concurrent.AbstractExecutorService.submit(AbstractExecutorService.java:134)
		at org.apache.catalina.core.ContainerBase.startInternal(ContainerBase.java:866)
		at org.apache.catalina.core.StandardEngine.startInternal(StandardEngine.java:248)
		at org.apache.catalina.util.LifecycleBase.start(LifecycleBase.java:171)
		at org.apache.catalina.core.StandardService.startInternal(StandardService.java:433)
		at org.apache.catalina.util.LifecycleBase.start(LifecycleBase.java:171)
		at org.apache.catalina.core.StandardServer.startInternal(StandardServer.java:921)
		at org.apache.catalina.util.LifecycleBase.start(LifecycleBase.java:171)
		at org.apache.catalina.startup.Catalina.start(Catalina.java:772)
		at sun.reflect.NativeMethodAccessorImpl.invoke0(Native Method)
		at sun.reflect.NativeMethodAccessorImpl.invoke(NativeMethodAccessorImpl.java:62)
		at sun.reflect.DelegatingMethodAccessorImpl.invoke(DelegatingMethodAccessorImpl.java:43)
		at java.lang.reflect.Method.invoke(Method.java:498)
		at org.apache.catalina.startup.Bootstrap.start(Bootstrap.java:347)
		at org.apache.catalina.startup.Bootstrap.main(Bootstrap.java:478)
	Caused by: org.apache.catalina.LifecycleException: Failed to start component [org.apache.catalina.webresources.StandardRoot@1bf52f10]
		at org.apache.catalina.util.LifecycleBase.handleSubClassException(LifecycleBase.java:419)
		at org.apache.catalina.util.LifecycleBase.start(LifecycleBase.java:186)
		at org.apache.catalina.core.StandardContext.resourcesStart(StandardContext.java:4575)
		at org.apache.catalina.core.StandardContext.startInternal(StandardContext.java:4708)
		at org.apache.catalina.util.LifecycleBase.start(LifecycleBase.java:171)
		at org.apache.catalina.core.ContainerBase.addChildInternal(ContainerBase.java:683)
		... 37 more
	Caused by: java.lang.IllegalArgumentException: The main resource set specified [D:\java\netbin\WebApplication1\WebApplication1\build\web] is not a directory or war file, or is not readable (it does not exist or permissions to access it are missing)
		at org.apache.catalina.webresources.StandardRoot.createMainResourceSet(StandardRoot.java:749)
		at org.apache.catalina.webresources.StandardRoot.startInternal(StandardRoot.java:707)
		at org.apache.catalina.util.LifecycleBase.start(LifecycleBase.java:171)
		... 41 more
14-Jul-2024 16:38:38.916 INFO [main] org.apache.catalina.startup.HostConfig.deployDescriptor Deployment of deployment descriptor [D:\java\Webapp\tomcat\conf\Catalina\localhost\WebApplication1.xml] has finished in [19] ms
14-Jul-2024 16:38:38.917 INFO [main] org.apache.catalina.startup.HostConfig.deployDirectory Deploying web application directory [D:\java\Webapp\tomcat\webapps\docs]
14-Jul-2024 16:38:38.943 INFO [main] org.apache.catalina.startup.HostConfig.deployDirectory Deployment of web application directory [D:\java\Webapp\tomcat\webapps\docs] has finished in [27] ms
14-Jul-2024 16:38:38.943 INFO [main] org.apache.catalina.startup.HostConfig.deployDirectory Deploying web application directory [D:\java\Webapp\tomcat\webapps\examples]
14-Jul-2024 16:38:39.159 INFO [main] org.apache.catalina.startup.HostConfig.deployDirectory Deployment of web application directory [D:\java\Webapp\tomcat\webapps\examples] has finished in [216] ms
14-Jul-2024 16:38:39.159 INFO [main] org.apache.catalina.startup.HostConfig.deployDirectory Deploying web application directory [D:\java\Webapp\tomcat\webapps\host-manager]
14-Jul-2024 16:38:39.179 INFO [main] org.apache.catalina.startup.HostConfig.deployDirectory Deployment of web application directory [D:\java\Webapp\tomcat\webapps\host-manager] has finished in [20] ms
14-Jul-2024 16:38:39.179 INFO [main] org.apache.catalina.startup.HostConfig.deployDirectory Deploying web application directory [D:\java\Webapp\tomcat\webapps\manager]
14-Jul-2024 16:38:39.201 INFO [main] org.apache.catalina.startup.HostConfig.deployDirectory Deployment of web application directory [D:\java\Webapp\tomcat\webapps\manager] has finished in [21] ms
14-Jul-2024 16:38:39.201 INFO [main] org.apache.catalina.startup.HostConfig.deployDirectory Deploying web application directory [D:\java\Webapp\tomcat\webapps\myweb]
14-Jul-2024 16:38:39.220 INFO [main] org.apache.catalina.startup.HostConfig.deployDirectory Deployment of web application directory [D:\java\Webapp\tomcat\webapps\myweb] has finished in [19] ms
14-Jul-2024 16:38:39.220 INFO [main] org.apache.catalina.startup.HostConfig.deployDirectory Deploying web application directory [D:\java\Webapp\tomcat\webapps\ROOT]
14-Jul-2024 16:38:39.234 INFO [main] org.apache.catalina.startup.HostConfig.deployDirectory Deployment of web application directory [D:\java\Webapp\tomcat\webapps\ROOT] has finished in [14] ms
14-Jul-2024 16:38:39.235 INFO [main] org.apache.catalina.startup.HostConfig.deployDirectory Deploying web application directory [D:\java\Webapp\tomcat\webapps\sms]
14-Jul-2024 16:38:39.258 INFO [main] org.apache.catalina.startup.HostConfig.deployDirectory Deployment of web application directory [D:\java\Webapp\tomcat\webapps\sms] has finished in [23] ms
14-Jul-2024 16:38:39.262 INFO [main] org.apache.coyote.AbstractProtocol.start Starting ProtocolHandler ["http-nio-8080"]
14-Jul-2024 16:38:39.283 INFO [main] org.apache.catalina.startup.Catalina.start Server startup in [3207] milliseconds
14-Jul-2024 16:38:41.687 INFO [http-nio-8080-exec-10] org.apache.catalina.startup.HostConfig.undeploy Undeploying context [/BookStore]
14-Jul-2024 16:38:41.751 INFO [http-nio-8080-exec-1] org.apache.catalina.startup.HostConfig.deployDescriptor Deploying deployment descriptor [D:\java\Webapp\tomcat\conf\Catalina\localhost\BookStore.xml]
14-Jul-2024 16:38:41.753 WARNING [http-nio-8080-exec-1] org.apache.catalina.startup.HostConfig.deployDescriptor The path attribute with value [/BookStore] in deployment descriptor [D:\java\Webapp\tomcat\conf\Catalina\localhost\BookStore.xml] has been ignored
14-Jul-2024 16:38:41.927 INFO [http-nio-8080-exec-1] org.apache.jasper.servlet.TldScanner.scanJars At least one JAR was scanned for TLDs yet contained no TLDs. Enable debug logging for this logger for a complete list of JARs that were scanned but no TLDs were found in them. Skipping unneeded JARs during scanning can improve startup time and JSP compilation time.
14-Jul-2024 16:38:41.930 INFO [http-nio-8080-exec-1] org.apache.catalina.startup.HostConfig.deployDescriptor Deployment of deployment descriptor [D:\java\Webapp\tomcat\conf\Catalina\localhost\BookStore.xml] has finished in [179] ms
14-Jul-2024 16:38:41.935 INFO [http-nio-8080-exec-3] org.apache.catalina.util.LifecycleBase.start The start() method was called on component [StandardEngine[Catalina].StandardHost[localhost].StandardContext[/BookStore]] after start() had already been called. The second call will be ignored.
14-Jul-2024 16:39:59.695 INFO [main] org.apache.catalina.core.StandardServer.await A valid shutdown command was received via the shutdown port. Stopping the Server instance.
14-Jul-2024 16:39:59.695 INFO [main] org.apache.coyote.AbstractProtocol.pause Pausing ProtocolHandler ["http-nio-8080"]
14-Jul-2024 16:39:59.809 INFO [main] org.apache.catalina.core.StandardService.stopInternal Stopping service [Catalina]
14-Jul-2024 16:39:59.828 WARNING [main] org.apache.catalina.loader.WebappClassLoaderBase.clearReferencesThreads The web application [program8] appears to have started a thread named [Abandoned connection cleanup thread] but has failed to stop it. This is very likely to create a memory leak. Stack trace of thread:
 java.lang.Object.wait(Native Method)
 java.lang.ref.ReferenceQueue.remove(ReferenceQueue.java:150)
 com.mysql.jdbc.AbandonedConnectionCleanupThread.run(AbandonedConnectionCleanupThread.java:43)
14-Jul-2024 16:39:59.845 WARNING [main] org.apache.catalina.loader.WebappClassLoaderBase.clearReferencesThreads The web application [Project5] appears to have started a thread named [mysql-cj-abandoned-connection-cleanup] but has failed to stop it. This is very likely to create a memory leak. Stack trace of thread:
 java.lang.ClassLoader.findLoadedClass0(Native Method)
 java.lang.ClassLoader.findLoadedClass(ClassLoader.java:1031)
 org.apache.catalina.loader.WebappClassLoaderBase.loadClass(WebappClassLoaderBase.java:1189)
 org.apache.catalina.loader.WebappClassLoaderBase.loadClass(WebappClassLoaderBase.java:1141)
 com.mysql.jdbc.AbandonedConnectionCleanupThread.checkThreadContextClassLoader(AbandonedConnectionCleanupThread.java:112)
 com.mysql.jdbc.AbandonedConnectionCleanupThread.run(AbandonedConnectionCleanupThread.java:79)
 java.util.concurrent.ThreadPoolExecutor.runWorker(ThreadPoolExecutor.java:1149)
 java.util.concurrent.ThreadPoolExecutor$Worker.run(ThreadPoolExecutor.java:624)
 java.lang.Thread.run(Thread.java:750)
14-Jul-2024 16:39:59.856 WARNING [main] org.apache.catalina.loader.WebappClassLoaderBase.clearReferencesThreads The web application [Project4] appears to have started a thread named [mysql-cj-abandoned-connection-cleanup] but has failed to stop it. This is very likely to create a memory leak. Stack trace of thread:
 java.util.zip.ZipFile.getEntry(Native Method)
 java.util.zip.ZipFile.getEntry(ZipFile.java:322)
 java.util.jar.JarFile.getEntry(JarFile.java:259)
 java.util.jar.JarFile.getJarEntry(JarFile.java:242)
 sun.misc.URLClassPath$JarLoader.getResource(URLClassPath.java:1040)
 sun.misc.URLClassPath.getResource(URLClassPath.java:250)
 sun.misc.URLClassPath.getResource(URLClassPath.java:303)
 java.lang.ClassLoader.getBootstrapResource(ClassLoader.java:1257)
 java.lang.ClassLoader.getResource(ClassLoader.java:1086)
 org.apache.catalina.loader.WebappClassLoaderBase.loadClass(WebappClassLoaderBase.java:1225)
 org.apache.catalina.loader.WebappClassLoaderBase.loadClass(WebappClassLoaderBase.java:1141)
 com.mysql.jdbc.AbandonedConnectionCleanupThread.checkThreadContextClassLoader(AbandonedConnectionCleanupThread.java:112)
 com.mysql.jdbc.AbandonedConnectionCleanupThread.run(AbandonedConnectionCleanupThread.java:79)
 java.util.concurrent.ThreadPoolExecutor.runWorker(ThreadPoolExecutor.java:1149)
 java.util.concurrent.ThreadPoolExecutor$Worker.run(ThreadPoolExecutor.java:624)
 java.lang.Thread.run(Thread.java:750)
14-Jul-2024 16:39:59.866 WARNING [main] org.apache.catalina.loader.WebappClassLoaderBase.clearReferencesThreads The web application [Project3] appears to have started a thread named [mysql-cj-abandoned-connection-cleanup] but has failed to stop it. This is very likely to create a memory leak. Stack trace of thread:
 com.mysql.jdbc.AbandonedConnectionCleanupThread.checkThreadContextClassLoader(AbandonedConnectionCleanupThread.java:112)
 com.mysql.jdbc.AbandonedConnectionCleanupThread.run(AbandonedConnectionCleanupThread.java:79)
 java.util.concurrent.ThreadPoolExecutor.runWorker(ThreadPoolExecutor.java:1149)
 java.util.concurrent.ThreadPoolExecutor$Worker.run(ThreadPoolExecutor.java:624)
 java.lang.Thread.run(Thread.java:750)
14-Jul-2024 16:39:59.903 WARNING [main] org.apache.catalina.loader.WebappClassLoaderBase.clearReferencesThreads The web application [NinthWebApplication] appears to have started a thread named [mysql-cj-abandoned-connection-cleanup] but has failed to stop it. This is very likely to create a memory leak. Stack trace of thread:
 java.io.WinNTFileSystem.canonicalize0(Native Method)
 java.io.WinNTFileSystem.canonicalize(WinNTFileSystem.java:478)
 java.io.File.getCanonicalPath(File.java:626)
 org.apache.catalina.webresources.AbstractFileResourceSet.file(AbstractFileResourceSet.java:94)
 org.apache.catalina.webresources.DirResourceSet.getResource(DirResourceSet.java:94)
 org.apache.catalina.webresources.StandardRoot.getResourceInternal(StandardRoot.java:272)
 org.apache.catalina.webresources.CachedResource.validateResource(CachedResource.java:105)
 org.apache.catalina.webresources.Cache.getResource(Cache.java:96)
 org.apache.catalina.webresources.StandardRoot.getResource(StandardRoot.java:211)
 org.apache.catalina.webresources.StandardRoot.getClassLoaderResource(StandardRoot.java:220)
 org.apache.catalina.loader.WebappClassLoaderBase.findResource(WebappClassLoaderBase.java:885)
 org.apache.catalina.loader.WebappClassLoaderBase.getResource(WebappClassLoaderBase.java:1002)
 com.mysql.cj.jdbc.AbandonedConnectionCleanupThread.checkThreadContextClassLoader(AbandonedConnectionCleanupThread.java:123)
 com.mysql.cj.jdbc.AbandonedConnectionCleanupThread.run(AbandonedConnectionCleanupThread.java:90)
 java.util.concurrent.ThreadPoolExecutor.runWorker(ThreadPoolExecutor.java:1149)
 java.util.concurrent.ThreadPoolExecutor$Worker.run(ThreadPoolExecutor.java:624)
 java.lang.Thread.run(Thread.java:750)
14-Jul-2024 16:39:59.925 WARNING [main] org.apache.catalina.loader.WebappClassLoaderBase.clearReferencesThreads The web application [TenthWebApplication] appears to have started a thread named [mysql-cj-abandoned-connection-cleanup] but has failed to stop it. This is very likely to create a memory leak. Stack trace of thread:
 java.lang.Object.wait(Native Method)
 java.lang.ref.ReferenceQueue.remove(ReferenceQueue.java:150)
 com.mysql.cj.jdbc.AbandonedConnectionCleanupThread.run(AbandonedConnectionCleanupThread.java:91)
 java.util.concurrent.ThreadPoolExecutor.runWorker(ThreadPoolExecutor.java:1149)
 java.util.concurrent.ThreadPoolExecutor$Worker.run(ThreadPoolExecutor.java:624)
 java.lang.Thread.run(Thread.java:750)
14-Jul-2024 16:39:59.947 WARNING [main] org.apache.catalina.loader.WebappClassLoaderBase.clearReferencesJdbc The web application [BookStore] registered the JDBC driver [com.mysql.jdbc.Driver] but failed to unregister it when the web application was stopped. To prevent a memory leak, the JDBC Driver has been forcibly unregistered.
14-Jul-2024 16:39:59.947 WARNING [main] org.apache.catalina.loader.WebappClassLoaderBase.clearReferencesThreads The web application [BookStore] appears to have started a thread named [Abandoned connection cleanup thread] but has failed to stop it. This is very likely to create a memory leak. Stack trace of thread:
 java.lang.Object.wait(Native Method)
 java.lang.ref.ReferenceQueue.remove(ReferenceQueue.java:150)
 com.mysql.jdbc.AbandonedConnectionCleanupThread.run(AbandonedConnectionCleanupThread.java:43)
14-Jul-2024 16:39:59.952 INFO [main] org.apache.coyote.AbstractProtocol.stop Stopping ProtocolHandler ["http-nio-8080"]
14-Jul-2024 16:39:59.962 INFO [main] org.apache.coyote.AbstractProtocol.destroy Destroying ProtocolHandler ["http-nio-8080"]
