18-Apr-2024 00:13:57.350 INFO [main] org.apache.catalina.core.ApplicationContext.log ContextListener: contextInitialized()
18-Apr-2024 00:13:57.350 INFO [main] org.apache.catalina.core.ApplicationContext.log SessionListener: contextInitialized()
18-Apr-2024 00:13:57.351 INFO [main] org.apache.catalina.core.ApplicationContext.log ContextListener: attributeAdded('StockTicker', 'async.Stockticker@79add732')
18-Apr-2024 00:25:12.924 INFO [main] org.apache.catalina.core.ApplicationContext.log SessionListener: contextDestroyed()
18-Apr-2024 00:25:12.924 INFO [main] org.apache.catalina.core.ApplicationContext.log ContextListener: contextDestroyed()
18-Apr-2024 08:34:13.076 INFO [main] org.apache.catalina.core.ApplicationContext.log ContextListener: contextInitialized()
18-Apr-2024 08:34:13.076 INFO [main] org.apache.catalina.core.ApplicationContext.log SessionListener: contextInitialized()
18-Apr-2024 08:34:13.078 INFO [main] org.apache.catalina.core.ApplicationContext.log ContextListener: attributeAdded('StockTicker', 'async.Stockticker@1791e231')
18-Apr-2024 08:42:14.062 INFO [main] org.apache.catalina.core.ApplicationContext.log SessionListener: contextDestroyed()
18-Apr-2024 08:42:14.062 INFO [main] org.apache.catalina.core.ApplicationContext.log ContextListener: contextDestroyed()
18-Apr-2024 09:04:11.088 INFO [main] org.apache.catalina.core.ApplicationContext.log ContextListener: contextInitialized()
18-Apr-2024 09:04:11.088 INFO [main] org.apache.catalina.core.ApplicationContext.log SessionListener: contextInitialized()
18-Apr-2024 09:04:11.090 INFO [main] org.apache.catalina.core.ApplicationContext.log ContextListener: attributeAdded('StockTicker', 'async.Stockticker@3539cf45')
18-Apr-2024 09:09:40.134 INFO [main] org.apache.catalina.core.ApplicationContext.log SessionListener: contextDestroyed()
18-Apr-2024 09:09:40.134 INFO [main] org.apache.catalina.core.ApplicationContext.log ContextListener: contextDestroyed()
18-Apr-2024 09:33:29.501 INFO [main] org.apache.catalina.core.ApplicationContext.log ContextListener: contextInitialized()
18-Apr-2024 09:33:29.502 INFO [main] org.apache.catalina.core.ApplicationContext.log SessionListener: contextInitialized()
18-Apr-2024 09:33:29.503 INFO [main] org.apache.catalina.core.ApplicationContext.log ContextListener: attributeAdded('StockTicker', 'async.Stockticker@5dac6bc3')
18-Apr-2024 09:34:53.110 INFO [main] org.apache.catalina.core.ApplicationContext.log SessionListener: contextDestroyed()
18-Apr-2024 09:34:53.110 INFO [main] org.apache.catalina.core.ApplicationContext.log ContextListener: contextDestroyed()
